This file contains any messages produced by compilers while
running configure, to aid debugging if configure makes a mistake.

It was created by WyvernLLVM configure 0.1, which was
generated by GNU Autoconf 2.69.  Invocation command line was

  $ ./configure 

## --------- ##
## Platform. ##
## --------- ##

hostname = alex-VirtualBox
uname -m = x86_64
uname -r = 3.16.0-41-generic
uname -s = Linux
uname -v = #57~14.04.1-Ubuntu SMP Thu Jun 18 18:01:13 UTC 2015

/usr/bin/uname -p = unknown
/bin/uname -X     = unknown

/bin/arch              = unknown
/usr/bin/arch -k       = unknown
/usr/convex/getsysinfo = unknown
/usr/bin/hostinfo      = unknown
/bin/machine           = unknown
/usr/bin/oslevel       = unknown
/bin/universe          = unknown

PATH: /usr/local/sbin
PATH: /usr/local/bin
PATH: /usr/sbin
PATH: /usr/bin
PATH: /sbin
PATH: /bin
PATH: /usr/games
PATH: /usr/local/games
PATH: /media/sf_alexmac/Programs/clang+llvm-3.5.0-x86_64-linux-gnu/bin


## ----------- ##
## Core tests. ##
## ----------- ##

configure:2290: checking for a BSD-compatible install
configure:2358: result: /usr/bin/install -c
configure:2369: checking whether build environment is sane
configure:2424: result: yes
configure:2575: checking for a thread-safe mkdir -p
configure:2614: result: /bin/mkdir -p
configure:2621: checking for gawk
configure:2651: result: no
configure:2621: checking for mawk
configure:2637: found /usr/bin/mawk
configure:2648: result: mawk
configure:2659: checking whether make sets $(MAKE)
configure:2681: result: yes
configure:2710: checking whether make supports nested variables
configure:2727: result: yes
configure:2901: checking for g++
configure:2917: found /usr/bin/g++
configure:2928: result: g++
configure:2955: checking for C++ compiler version
configure:2964: g++ --version >&5
g++ (Ubuntu 4.8.4-2ubuntu1~14.04) 4.8.4
Copyright (C) 2013 Free Software Foundation, Inc.
This is free software; see the source for copying conditions.  There is NO
warranty; not even for MERCHANTABILITY or FITNESS FOR A PARTICULAR PURPOSE.

configure:2975: $? = 0
configure:2964: g++ -v >&5
Using built-in specs.
COLLECT_GCC=g++
COLLECT_LTO_WRAPPER=/usr/lib/gcc/x86_64-linux-gnu/4.8/lto-wrapper
Target: x86_64-linux-gnu
Configured with: ../src/configure -v --with-pkgversion='Ubuntu 4.8.4-2ubuntu1~14.04' --with-bugurl=file:///usr/share/doc/gcc-4.8/README.Bugs --enable-languages=c,c++,java,go,d,fortran,objc,obj-c++ --prefix=/usr --program-suffix=-4.8 --enable-shared --enable-linker-build-id --libexecdir=/usr/lib --without-included-gettext --enable-threads=posix --with-gxx-include-dir=/usr/include/c++/4.8 --libdir=/usr/lib --enable-nls --with-sysroot=/ --enable-clocale=gnu --enable-libstdcxx-debug --enable-libstdcxx-time=yes --enable-gnu-unique-object --disable-libmudflap --enable-plugin --with-system-zlib --disable-browser-plugin --enable-java-awt=gtk --enable-gtk-cairo --with-java-home=/usr/lib/jvm/java-1.5.0-gcj-4.8-amd64/jre --enable-java-home --with-jvm-root-dir=/usr/lib/jvm/java-1.5.0-gcj-4.8-amd64 --with-jvm-jar-dir=/usr/lib/jvm-exports/java-1.5.0-gcj-4.8-amd64 --with-arch-directory=amd64 --with-ecj-jar=/usr/share/java/eclipse-ecj.jar --enable-objc-gc --enable-multiarch --disable-werror --with-arch-32=i686 --with-abi=m64 --with-multilib-list=m32,m64,mx32 --with-tune=generic --enable-checking=release --build=x86_64-linux-gnu --host=x86_64-linux-gnu --target=x86_64-linux-gnu
Thread model: posix
gcc version 4.8.4 (Ubuntu 4.8.4-2ubuntu1~14.04) 
configure:2975: $? = 0
configure:2964: g++ -V >&5
g++: error: unrecognized command line option '-V'
g++: fatal error: no input files
compilation terminated.
configure:2975: $? = 4
configure:2964: g++ -qversion >&5
g++: error: unrecognized command line option '-qversion'
g++: fatal error: no input files
compilation terminated.
configure:2975: $? = 4
configure:2995: checking whether the C++ compiler works
configure:3017: g++    conftest.cpp  >&5
configure:3021: $? = 0
configure:3069: result: yes
configure:3072: checking for C++ compiler default output file name
configure:3074: result: a.out
configure:3080: checking for suffix of executables
configure:3087: g++ -o conftest    conftest.cpp  >&5
configure:3091: $? = 0
configure:3113: result: 
configure:3135: checking whether we are cross compiling
configure:3143: g++ -o conftest    conftest.cpp  >&5
configure:3147: $? = 0
configure:3154: ./conftest
configure:3158: $? = 0
configure:3173: result: no
configure:3178: checking for suffix of object files
configure:3200: g++ -c   conftest.cpp >&5
configure:3204: $? = 0
configure:3225: result: o
configure:3229: checking whether we are using the GNU C++ compiler
configure:3248: g++ -c   conftest.cpp >&5
configure:3248: $? = 0
configure:3257: result: yes
configure:3266: checking whether g++ accepts -g
configure:3286: g++ -c -g  conftest.cpp >&5
configure:3286: $? = 0
configure:3327: result: yes
configure:3361: checking for style of include used by make
configure:3389: result: GNU
configure:3415: checking dependency style of g++
configure:3526: result: gcc3
configure:3570: checking build system type
configure:3584: result: x86_64-unknown-linux-gnu
configure:3604: checking host system type
configure:3617: result: x86_64-unknown-linux-gnu
configure:3658: checking how to print strings
configure:3685: result: printf
configure:3754: checking for gcc
configure:3770: found /usr/bin/gcc
configure:3781: result: gcc
configure:4010: checking for C compiler version
configure:4019: gcc --version >&5
gcc (Ubuntu 4.8.4-2ubuntu1~14.04) 4.8.4
Copyright (C) 2013 Free Software Foundation, Inc.
This is free software; see the source for copying conditions.  There is NO
warranty; not even for MERCHANTABILITY or FITNESS FOR A PARTICULAR PURPOSE.

configure:4030: $? = 0
configure:4019: gcc -v >&5
Using built-in specs.
COLLECT_GCC=gcc
COLLECT_LTO_WRAPPER=/usr/lib/gcc/x86_64-linux-gnu/4.8/lto-wrapper
Target: x86_64-linux-gnu
Configured with: ../src/configure -v --with-pkgversion='Ubuntu 4.8.4-2ubuntu1~14.04' --with-bugurl=file:///usr/share/doc/gcc-4.8/README.Bugs --enable-languages=c,c++,java,go,d,fortran,objc,obj-c++ --prefix=/usr --program-suffix=-4.8 --enable-shared --enable-linker-build-id --libexecdir=/usr/lib --without-included-gettext --enable-threads=posix --with-gxx-include-dir=/usr/include/c++/4.8 --libdir=/usr/lib --enable-nls --with-sysroot=/ --enable-clocale=gnu --enable-libstdcxx-debug --enable-libstdcxx-time=yes --enable-gnu-unique-object --disable-libmudflap --enable-plugin --with-system-zlib --disable-browser-plugin --enable-java-awt=gtk --enable-gtk-cairo --with-java-home=/usr/lib/jvm/java-1.5.0-gcj-4.8-amd64/jre --enable-java-home --with-jvm-root-dir=/usr/lib/jvm/java-1.5.0-gcj-4.8-amd64 --with-jvm-jar-dir=/usr/lib/jvm-exports/java-1.5.0-gcj-4.8-amd64 --with-arch-directory=amd64 --with-ecj-jar=/usr/share/java/eclipse-ecj.jar --enable-objc-gc --enable-multiarch --disable-werror --with-arch-32=i686 --with-abi=m64 --with-multilib-list=m32,m64,mx32 --with-tune=generic --enable-checking=release --build=x86_64-linux-gnu --host=x86_64-linux-gnu --target=x86_64-linux-gnu
Thread model: posix
gcc version 4.8.4 (Ubuntu 4.8.4-2ubuntu1~14.04) 
configure:4030: $? = 0
configure:4019: gcc -V >&5
gcc: error: unrecognized command line option '-V'
gcc: fatal error: no input files
compilation terminated.
configure:4030: $? = 4
configure:4019: gcc -qversion >&5
gcc: error: unrecognized command line option '-qversion'
gcc: fatal error: no input files
compilation terminated.
configure:4030: $? = 4
configure:4034: checking whether we are using the GNU C compiler
configure:4053: gcc -c   conftest.c >&5
configure:4053: $? = 0
configure:4062: result: yes
configure:4071: checking whether gcc accepts -g
configure:4091: gcc -c -g  conftest.c >&5
configure:4091: $? = 0
configure:4132: result: yes
configure:4149: checking for gcc option to accept ISO C89
configure:4212: gcc  -c -g -O2  conftest.c >&5
configure:4212: $? = 0
configure:4225: result: none needed
configure:4250: checking whether gcc understands -c and -o together
configure:4272: gcc -c conftest.c -o conftest2.o
configure:4275: $? = 0
configure:4272: gcc -c conftest.c -o conftest2.o
configure:4275: $? = 0
configure:4287: result: yes
configure:4306: checking dependency style of gcc
configure:4417: result: gcc3
configure:4432: checking for a sed that does not truncate output
configure:4496: result: /bin/sed
configure:4514: checking for grep that handles long lines and -e
configure:4572: result: /bin/grep
configure:4577: checking for egrep
configure:4639: result: /bin/grep -E
configure:4644: checking for fgrep
configure:4706: result: /bin/grep -F
configure:4741: checking for ld used by gcc
configure:4808: result: /usr/bin/ld
configure:4815: checking if the linker (/usr/bin/ld) is GNU ld
configure:4830: result: yes
configure:4842: checking for BSD- or MS-compatible name lister (nm)
configure:4891: result: /usr/bin/nm -B
configure:5021: checking the name lister (/usr/bin/nm -B) interface
configure:5028: gcc -c -g -O2  conftest.c >&5
configure:5031: /usr/bin/nm -B "conftest.o"
configure:5034: output
0000000000000000 B some_variable
configure:5041: result: BSD nm
configure:5044: checking whether ln -s works
configure:5051: result: no, using cp -pR
configure:5056: checking the maximum length of command line arguments
configure:5187: result: 1572864
configure:5204: checking whether the shell understands some XSI constructs
configure:5214: result: yes
configure:5218: checking whether the shell understands "+="
configure:5224: result: yes
configure:5259: checking how to convert x86_64-unknown-linux-gnu file names to x86_64-unknown-linux-gnu format
configure:5299: result: func_convert_file_noop
configure:5306: checking how to convert x86_64-unknown-linux-gnu file names to toolchain format
configure:5326: result: func_convert_file_noop
configure:5333: checking for /usr/bin/ld option to reload object files
configure:5340: result: -r
configure:5414: checking for objdump
configure:5430: found /usr/bin/objdump
configure:5441: result: objdump
configure:5473: checking how to recognize dependent libraries
configure:5671: result: pass_all
configure:5756: checking for dlltool
configure:5786: result: no
configure:5816: checking how to associate runtime and link libraries
configure:5843: result: printf %s\n
configure:5904: checking for ar
configure:5920: found /usr/bin/ar
configure:5931: result: ar
configure:5968: checking for archiver @FILE support
configure:5985: gcc -c -g -O2  conftest.c >&5
configure:5985: $? = 0
configure:5988: ar cru libconftest.a @conftest.lst >&5
configure:5991: $? = 0
configure:5996: ar cru libconftest.a @conftest.lst >&5
ar: conftest.o: No such file or directory
configure:5999: $? = 1
configure:6011: result: @
configure:6069: checking for strip
configure:6085: found /usr/bin/strip
configure:6096: result: strip
configure:6168: checking for ranlib
configure:6184: found /usr/bin/ranlib
configure:6195: result: ranlib
configure:6297: checking command to parse /usr/bin/nm -B output from gcc object
configure:6417: gcc -c -g -O2  conftest.c >&5
configure:6420: $? = 0
configure:6424: /usr/bin/nm -B conftest.o \| sed -n -e 's/^.*[ ]\([ABCDGIRSTW][ABCDGIRSTW]*\)[ ][ ]*\([_A-Za-z][_A-Za-z0-9]*\)$/\1 \2 \2/p' | sed '/ __gnu_lto/d' \> conftest.nm
configure:6427: $? = 0
configure:6493: gcc -o conftest -g -O2   conftest.c conftstm.o >&5
configure:6496: $? = 0
configure:6534: result: ok
configure:6571: checking for sysroot
configure:6601: result: no
configure:6678: gcc -c -g -O2  conftest.c >&5
configure:6681: $? = 0
configure:6870: checking for mt
configure:6886: found /bin/mt
configure:6897: result: mt
configure:6920: checking if mt is a manifest tool
configure:6926: mt '-?'
configure:6934: result: no
configure:7576: checking how to run the C preprocessor
configure:7607: gcc -E  conftest.c
configure:7607: $? = 0
configure:7621: gcc -E  conftest.c
conftest.c:9:28: fatal error: ac_nonexistent.h: No such file or directory
 #include <ac_nonexistent.h>
                            ^
compilation terminated.
configure:7621: $? = 1
configure: failed program was:
| /* confdefs.h */
| #define PACKAGE_NAME "WyvernLLVM"
| #define PACKAGE_TARNAME "wyvernllvm"
| #define PACKAGE_VERSION "0.1"
| #define PACKAGE_STRING "WyvernLLVM 0.1"
| #define PACKAGE_BUGREPORT ""
| #define PACKAGE_URL ""
| /* end confdefs.h.  */
| #include <ac_nonexistent.h>
configure:7646: result: gcc -E
configure:7666: gcc -E  conftest.c
configure:7666: $? = 0
configure:7680: gcc -E  conftest.c
conftest.c:9:28: fatal error: ac_nonexistent.h: No such file or directory
 #include <ac_nonexistent.h>
                            ^
compilation terminated.
configure:7680: $? = 1
configure: failed program was:
| /* confdefs.h */
| #define PACKAGE_NAME "WyvernLLVM"
| #define PACKAGE_TARNAME "wyvernllvm"
| #define PACKAGE_VERSION "0.1"
| #define PACKAGE_STRING "WyvernLLVM 0.1"
| #define PACKAGE_BUGREPORT ""
| #define PACKAGE_URL ""
| /* end confdefs.h.  */
| #include <ac_nonexistent.h>
configure:7709: checking for ANSI C header files
configure:7729: gcc -c -g -O2  conftest.c >&5
configure:7729: $? = 0
configure:7802: gcc -o conftest -g -O2   conftest.c  >&5
configure:7802: $? = 0
configure:7802: ./conftest
configure:7802: $? = 0
configure:7813: result: yes
configure:7826: checking for sys/types.h
configure:7826: gcc -c -g -O2  conftest.c >&5
configure:7826: $? = 0
configure:7826: result: yes
configure:7826: checking for sys/stat.h
configure:7826: gcc -c -g -O2  conftest.c >&5
configure:7826: $? = 0
configure:7826: result: yes
configure:7826: checking for stdlib.h
configure:7826: gcc -c -g -O2  conftest.c >&5
configure:7826: $? = 0
configure:7826: result: yes
configure:7826: checking for string.h
configure:7826: gcc -c -g -O2  conftest.c >&5
configure:7826: $? = 0
configure:7826: result: yes
configure:7826: checking for memory.h
configure:7826: gcc -c -g -O2  conftest.c >&5
configure:7826: $? = 0
configure:7826: result: yes
configure:7826: checking for strings.h
configure:7826: gcc -c -g -O2  conftest.c >&5
configure:7826: $? = 0
configure:7826: result: yes
configure:7826: checking for inttypes.h
configure:7826: gcc -c -g -O2  conftest.c >&5
configure:7826: $? = 0
configure:7826: result: yes
configure:7826: checking for stdint.h
configure:7826: gcc -c -g -O2  conftest.c >&5
configure:7826: $? = 0
configure:7826: result: yes
configure:7826: checking for unistd.h
configure:7826: gcc -c -g -O2  conftest.c >&5
configure:7826: $? = 0
configure:7826: result: yes
configure:7840: checking for dlfcn.h
configure:7840: gcc -c -g -O2  conftest.c >&5
configure:7840: $? = 0
configure:7840: result: yes
configure:8057: checking for objdir
configure:8072: result: .libs
configure:8339: checking if gcc supports -fno-rtti -fno-exceptions
configure:8357: gcc -c -g -O2  -fno-rtti -fno-exceptions conftest.c >&5
cc1: warning: command line option '-fno-rtti' is valid for C++/ObjC++ but not for C [enabled by default]
configure:8361: $? = 0
configure:8374: result: no
configure:8701: checking for gcc option to produce PIC
configure:8708: result: -fPIC -DPIC
configure:8716: checking if gcc PIC flag -fPIC -DPIC works
configure:8734: gcc -c -g -O2  -fPIC -DPIC -DPIC conftest.c >&5
configure:8738: $? = 0
configure:8751: result: yes
configure:8780: checking if gcc static flag -static works
configure:8808: result: yes
configure:8823: checking if gcc supports -c -o file.o
configure:8844: gcc -c -g -O2  -o out/conftest2.o conftest.c >&5
configure:8848: $? = 0
configure:8870: result: yes
configure:8878: checking if gcc supports -c -o file.o
configure:8925: result: yes
configure:8958: checking whether the gcc linker (/usr/bin/ld -m elf_x86_64) supports shared libraries
configure:10115: result: yes
configure:10152: checking whether -lc should be explicitly linked in
configure:10160: gcc -c -g -O2  conftest.c >&5
configure:10163: $? = 0
configure:10178: gcc -shared  -fPIC -DPIC conftest.o  -v -Wl,-soname -Wl,conftest -o conftest 2\>\&1 \| /bin/grep  -lc  \>/dev/null 2\>\&1
configure:10181: $? = 0
configure:10195: result: no
configure:10355: checking dynamic linker characteristics
configure:10855: gcc -o conftest -g -O2   -Wl,-rpath -Wl,/foo conftest.c  >&5
configure:10855: $? = 0
configure:11089: result: GNU/Linux ld.so
configure:11196: checking how to hardcode library paths into programs
configure:11221: result: immediate
configure:11761: checking whether stripping libraries is possible
configure:11766: result: yes
configure:11801: checking if libtool supports shared libraries
configure:11803: result: yes
configure:11806: checking whether to build shared libraries
configure:11827: result: yes
configure:11830: checking whether to build static libraries
configure:11834: result: yes
configure:11857: checking how to run the C++ preprocessor
configure:11884: g++ -E  conftest.cpp
configure:11884: $? = 0
configure:11898: g++ -E  conftest.cpp
conftest.cpp:21:28: fatal error: ac_nonexistent.h: No such file or directory
 #include <ac_nonexistent.h>
                            ^
compilation terminated.
configure:11898: $? = 1
configure: failed program was:
| /* confdefs.h */
| #define PACKAGE_NAME "WyvernLLVM"
| #define PACKAGE_TARNAME "wyvernllvm"
| #define PACKAGE_VERSION "0.1"
| #define PACKAGE_STRING "WyvernLLVM 0.1"
| #define PACKAGE_BUGREPORT ""
| #define PACKAGE_URL ""
| #define STDC_HEADERS 1
| #define HAVE_SYS_TYPES_H 1
| #define HAVE_SYS_STAT_H 1
| #define HAVE_STDLIB_H 1
| #define HAVE_STRING_H 1
| #define HAVE_MEMORY_H 1
| #define HAVE_STRINGS_H 1
| #define HAVE_INTTYPES_H 1
| #define HAVE_STDINT_H 1
| #define HAVE_UNISTD_H 1
| #define HAVE_DLFCN_H 1
| #define LT_OBJDIR ".libs/"
| /* end confdefs.h.  */
| #include <ac_nonexistent.h>
configure:11923: result: g++ -E
configure:11943: g++ -E  conftest.cpp
configure:11943: $? = 0
configure:11957: g++ -E  conftest.cpp
conftest.cpp:21:28: fatal error: ac_nonexistent.h: No such file or directory
 #include <ac_nonexistent.h>
                            ^
compilation terminated.
configure:11957: $? = 1
configure: failed program was:
| /* confdefs.h */
| #define PACKAGE_NAME "WyvernLLVM"
| #define PACKAGE_TARNAME "wyvernllvm"
| #define PACKAGE_VERSION "0.1"
| #define PACKAGE_STRING "WyvernLLVM 0.1"
| #define PACKAGE_BUGREPORT ""
| #define PACKAGE_URL ""
| #define STDC_HEADERS 1
| #define HAVE_SYS_TYPES_H 1
| #define HAVE_SYS_STAT_H 1
| #define HAVE_STDLIB_H 1
| #define HAVE_STRING_H 1
| #define HAVE_MEMORY_H 1
| #define HAVE_STRINGS_H 1
| #define HAVE_INTTYPES_H 1
| #define HAVE_STDINT_H 1
| #define HAVE_UNISTD_H 1
| #define HAVE_DLFCN_H 1
| #define LT_OBJDIR ".libs/"
| /* end confdefs.h.  */
| #include <ac_nonexistent.h>
configure:12126: checking for ld used by g++
configure:12193: result: /usr/bin/ld -m elf_x86_64
configure:12200: checking if the linker (/usr/bin/ld -m elf_x86_64) is GNU ld
configure:12215: result: yes
configure:12270: checking whether the g++ linker (/usr/bin/ld -m elf_x86_64) supports shared libraries
configure:13272: result: yes
configure:13308: g++ -c -g -O2  conftest.cpp >&5
configure:13311: $? = 0
configure:13831: checking for g++ option to produce PIC
configure:13838: result: -fPIC -DPIC
configure:13846: checking if g++ PIC flag -fPIC -DPIC works
configure:13864: g++ -c -g -O2  -fPIC -DPIC -DPIC conftest.cpp >&5
configure:13868: $? = 0
configure:13881: result: yes
configure:13904: checking if g++ static flag -static works
configure:13932: result: yes
configure:13944: checking if g++ supports -c -o file.o
configure:13965: g++ -c -g -O2  -o out/conftest2.o conftest.cpp >&5
configure:13969: $? = 0
configure:13991: result: yes
configure:13996: checking if g++ supports -c -o file.o
configure:14043: result: yes
configure:14073: checking whether the g++ linker (/usr/bin/ld -m elf_x86_64) supports shared libraries
configure:14112: result: yes
configure:14253: checking dynamic linker characteristics
configure:14921: result: GNU/Linux ld.so
configure:14974: checking how to hardcode library paths into programs
configure:14999: result: immediate
configure:15085: checking whether make supports nested variables
configure:15102: result: yes
configure:15258: checking that generated files are newer than configure
configure:15264: result: done
configure:15291: creating ./config.status

## ---------------------- ##
## Running config.status. ##
## ---------------------- ##

This file was extended by WyvernLLVM config.status 0.1, which was
generated by GNU Autoconf 2.69.  Invocation command line was

  CONFIG_FILES    = 
  CONFIG_HEADERS  = 
  CONFIG_LINKS    = 
  CONFIG_COMMANDS = 
  $ ./config.status 

on alex-VirtualBox

config.status:1065: creating Makefile
config.status:1237: executing depfiles commands
config.status:1237: executing libtool commands

## ---------------- ##
## Cache variables. ##
## ---------------- ##

ac_cv_build=x86_64-unknown-linux-gnu
ac_cv_c_compiler_gnu=yes
ac_cv_cxx_compiler_gnu=yes
ac_cv_env_CCC_set=
ac_cv_env_CCC_value=
ac_cv_env_CC_set=
ac_cv_env_CC_value=
ac_cv_env_CFLAGS_set=
ac_cv_env_CFLAGS_value=
ac_cv_env_CPPFLAGS_set=
ac_cv_env_CPPFLAGS_value=
ac_cv_env_CPP_set=
ac_cv_env_CPP_value=
ac_cv_env_CXXCPP_set=
ac_cv_env_CXXCPP_value=
ac_cv_env_CXXFLAGS_set=
ac_cv_env_CXXFLAGS_value=
ac_cv_env_CXX_set=
ac_cv_env_CXX_value=
ac_cv_env_LDFLAGS_set=
ac_cv_env_LDFLAGS_value=
ac_cv_env_LIBS_set=
ac_cv_env_LIBS_value=
ac_cv_env_build_alias_set=
ac_cv_env_build_alias_value=
ac_cv_env_host_alias_set=
ac_cv_env_host_alias_value=
ac_cv_env_target_alias_set=
ac_cv_env_target_alias_value=
ac_cv_header_dlfcn_h=yes
ac_cv_header_inttypes_h=yes
ac_cv_header_memory_h=yes
ac_cv_header_stdc=yes
ac_cv_header_stdint_h=yes
ac_cv_header_stdlib_h=yes
ac_cv_header_string_h=yes
ac_cv_header_strings_h=yes
ac_cv_header_sys_stat_h=yes
ac_cv_header_sys_types_h=yes
ac_cv_header_unistd_h=yes
ac_cv_host=x86_64-unknown-linux-gnu
ac_cv_objext=o
ac_cv_path_EGREP='/bin/grep -E'
ac_cv_path_FGREP='/bin/grep -F'
ac_cv_path_GREP=/bin/grep
ac_cv_path_SED=/bin/sed
ac_cv_path_install='/usr/bin/install -c'
ac_cv_path_mkdir=/bin/mkdir
ac_cv_prog_AWK=mawk
ac_cv_prog_CPP='gcc -E'
ac_cv_prog_CXXCPP='g++ -E'
ac_cv_prog_ac_ct_AR=ar
ac_cv_prog_ac_ct_CC=gcc
ac_cv_prog_ac_ct_CXX=g++
ac_cv_prog_ac_ct_MANIFEST_TOOL=mt
ac_cv_prog_ac_ct_OBJDUMP=objdump
ac_cv_prog_ac_ct_RANLIB=ranlib
ac_cv_prog_ac_ct_STRIP=strip
ac_cv_prog_cc_c89=
ac_cv_prog_cc_g=yes
ac_cv_prog_cxx_g=yes
ac_cv_prog_make_make_set=yes
am_cv_CC_dependencies_compiler_type=gcc3
am_cv_CXX_dependencies_compiler_type=gcc3
am_cv_make_support_nested_variables=yes
am_cv_prog_cc_c_o=yes
lt_cv_ar_at_file=@
lt_cv_archive_cmds_need_lc=no
lt_cv_deplibs_check_method=pass_all
lt_cv_file_magic_cmd='$MAGIC_CMD'
lt_cv_file_magic_test_file=
lt_cv_ld_reload_flag=-r
lt_cv_nm_interface='BSD nm'
lt_cv_objdir=.libs
lt_cv_path_LD=/usr/bin/ld
lt_cv_path_LDCXX='/usr/bin/ld -m elf_x86_64'
lt_cv_path_NM='/usr/bin/nm -B'
lt_cv_path_mainfest_tool=no
lt_cv_prog_compiler_c_o=yes
lt_cv_prog_compiler_c_o_CXX=yes
lt_cv_prog_compiler_pic='-fPIC -DPIC'
lt_cv_prog_compiler_pic_CXX='-fPIC -DPIC'
lt_cv_prog_compiler_pic_works=yes
lt_cv_prog_compiler_pic_works_CXX=yes
lt_cv_prog_compiler_rtti_exceptions=no
lt_cv_prog_compiler_static_works=yes
lt_cv_prog_compiler_static_works_CXX=yes
lt_cv_prog_gnu_ld=yes
lt_cv_prog_gnu_ldcxx=yes
lt_cv_sharedlib_from_linklib_cmd='printf %s\n'
lt_cv_shlibpath_overrides_runpath=no
lt_cv_sys_global_symbol_pipe='sed -n -e '\''s/^.*[	 ]\([ABCDGIRSTW][ABCDGIRSTW]*\)[	 ][	 ]*\([_A-Za-z][_A-Za-z0-9]*\)$/\1 \2 \2/p'\'' | sed '\''/ __gnu_lto/d'\'''
lt_cv_sys_global_symbol_to_c_name_address='sed -n -e '\''s/^: \([^ ]*\)[ ]*$/  {\"\1\", (void *) 0},/p'\'' -e '\''s/^[ABCDGIRSTW]* \([^ ]*\) \([^ ]*\)$/  {"\2", (void *) \&\2},/p'\'''
lt_cv_sys_global_symbol_to_c_name_address_lib_prefix='sed -n -e '\''s/^: \([^ ]*\)[ ]*$/  {\"\1\", (void *) 0},/p'\'' -e '\''s/^[ABCDGIRSTW]* \([^ ]*\) \(lib[^ ]*\)$/  {"\2", (void *) \&\2},/p'\'' -e '\''s/^[ABCDGIRSTW]* \([^ ]*\) \([^ ]*\)$/  {"lib\2", (void *) \&\2},/p'\'''
lt_cv_sys_global_symbol_to_cdecl='sed -n -e '\''s/^T .* \(.*\)$/extern int \1();/p'\'' -e '\''s/^[ABCDGIRSTW]* .* \(.*\)$/extern char \1;/p'\'''
lt_cv_sys_max_cmd_len=1572864
lt_cv_to_host_file_cmd=func_convert_file_noop
lt_cv_to_tool_file_cmd=func_convert_file_noop

## ----------------- ##
## Output variables. ##
## ----------------- ##

ACLOCAL='${SHELL} /media/sf_alexmac/Documents/Research/Wyvern/GIT/wyvern/tools/src/wyvern/target/llvm/missing aclocal-1.14'
AMDEPBACKSLASH='\'
AMDEP_FALSE='#'
AMDEP_TRUE=''
AMTAR='$${TAR-tar}'
AM_BACKSLASH='\'
AM_DEFAULT_V='$(AM_DEFAULT_VERBOSITY)'
AM_DEFAULT_VERBOSITY='0'
AM_V='$(V)'
AR='ar'
AUTOCONF='${SHELL} /media/sf_alexmac/Documents/Research/Wyvern/GIT/wyvern/tools/src/wyvern/target/llvm/missing autoconf'
AUTOHEADER='${SHELL} /media/sf_alexmac/Documents/Research/Wyvern/GIT/wyvern/tools/src/wyvern/target/llvm/missing autoheader'
AUTOMAKE='${SHELL} /media/sf_alexmac/Documents/Research/Wyvern/GIT/wyvern/tools/src/wyvern/target/llvm/missing automake-1.14'
AWK='mawk'
CC='gcc'
CCDEPMODE='depmode=gcc3'
CFLAGS='-g -O2'
CPP='gcc -E'
CPPFLAGS=''
CXX='g++'
CXXCPP='g++ -E'
CXXDEPMODE='depmode=gcc3'
CXXFLAGS='-g -O2 -I/usr/lib/jvm/java-7-openjdk-amd64//include -I/usr/lib/jvm/java-7-openjdk-amd64//include/linux'
CYGPATH_W='echo'
DEFS='-DPACKAGE_NAME=\"WyvernLLVM\" -DPACKAGE_TARNAME=\"wyvernllvm\" -DPACKAGE_VERSION=\"0.1\" -DPACKAGE_STRING=\"WyvernLLVM\ 0.1\" -DPACKAGE_BUGREPORT=\"\" -DPACKAGE_URL=\"\" -DSTDC_HEADERS=1 -DHAVE_SYS_TYPES_H=1 -DHAVE_SYS_STAT_H=1 -DHAVE_STDLIB_H=1 -DHAVE_STRING_H=1 -DHAVE_MEMORY_H=1 -DHAVE_STRINGS_H=1 -DHAVE_INTTYPES_H=1 -DHAVE_STDINT_H=1 -DHAVE_UNISTD_H=1 -DHAVE_DLFCN_H=1 -DLT_OBJDIR=\".libs/\"'
DEPDIR='.deps'
DLLTOOL='false'
DSYMUTIL=''
DUMPBIN=''
ECHO_C=''
ECHO_N='-n'
ECHO_T=''
EGREP='/bin/grep -E'
EXEEXT=''
FGREP='/bin/grep -F'
GREP='/bin/grep'
INSTALL_DATA='${INSTALL} -m 644'
INSTALL_PROGRAM='${INSTALL}'
INSTALL_SCRIPT='${INSTALL}'
INSTALL_STRIP_PROGRAM='$(install_sh) -c -s'
LD='/usr/bin/ld -m elf_x86_64'
LDFLAGS=''
LIBOBJS=''
LIBS=''
LIBTOOL='$(SHELL) $(top_builddir)/libtool'
LIPO=''
LN_S='cp -pR'
LTLIBOBJS=''
MAKEINFO='${SHELL} /media/sf_alexmac/Documents/Research/Wyvern/GIT/wyvern/tools/src/wyvern/target/llvm/missing makeinfo'
MANIFEST_TOOL=':'
MKDIR_P='/bin/mkdir -p'
NM='/usr/bin/nm -B'
NMEDIT=''
OBJDUMP='objdump'
OBJEXT='o'
OTOOL64=''
OTOOL=''
PACKAGE='wyvernllvm'
PACKAGE_BUGREPORT=''
PACKAGE_NAME='WyvernLLVM'
PACKAGE_STRING='WyvernLLVM 0.1'
PACKAGE_TARNAME='wyvernllvm'
PACKAGE_URL=''
PACKAGE_VERSION='0.1'
PATH_SEPARATOR=':'
RANLIB='ranlib'
SED='/bin/sed'
SET_MAKE=''
SHELL='/bin/bash'
STRIP='strip'
VERSION='0.1'
ac_ct_AR='ar'
ac_ct_CC='gcc'
ac_ct_CXX='g++'
ac_ct_DUMPBIN=''
am__EXEEXT_FALSE=''
am__EXEEXT_TRUE='#'
am__fastdepCC_FALSE='#'
am__fastdepCC_TRUE=''
am__fastdepCXX_FALSE='#'
am__fastdepCXX_TRUE=''
am__include='include'
am__isrc=''
am__leading_dot='.'
am__nodep='_no'
am__quote=''
am__tar='$${TAR-tar} chof - "$$tardir"'
am__untar='$${TAR-tar} xf -'
bindir='${exec_prefix}/bin'
build='x86_64-unknown-linux-gnu'
build_alias=''
build_cpu='x86_64'
build_os='linux-gnu'
build_vendor='unknown'
datadir='${datarootdir}'
datarootdir='${prefix}/share'
docdir='${datarootdir}/doc/${PACKAGE_TARNAME}'
dvidir='${docdir}'
exec_prefix='${prefix}'
host='x86_64-unknown-linux-gnu'
host_alias=''
host_cpu='x86_64'
host_os='linux-gnu'
host_vendor='unknown'
htmldir='${docdir}'
includedir='${prefix}/include'
infodir='${datarootdir}/info'
install_sh='${SHELL} /media/sf_alexmac/Documents/Research/Wyvern/GIT/wyvern/tools/src/wyvern/target/llvm/install-sh'
libdir='${exec_prefix}/lib'
libexecdir='${exec_prefix}/libexec'
localedir='${datarootdir}/locale'
localstatedir='${prefix}/var'
mandir='${datarootdir}/man'
mkdir_p='$(MKDIR_P)'
oldincludedir='/usr/include'
pdfdir='${docdir}'
prefix='/usr/local'
program_transform_name='s,x,x,'
psdir='${docdir}'
sbindir='${exec_prefix}/sbin'
sharedstatedir='${prefix}/com'
sysconfdir='${prefix}/etc'
target_alias=''

## ----------- ##
## confdefs.h. ##
## ----------- ##

/* confdefs.h */
#define PACKAGE_NAME "WyvernLLVM"
#define PACKAGE_TARNAME "wyvernllvm"
#define PACKAGE_VERSION "0.1"
#define PACKAGE_STRING "WyvernLLVM 0.1"
#define PACKAGE_BUGREPORT ""
#define PACKAGE_URL ""
#define STDC_HEADERS 1
#define HAVE_SYS_TYPES_H 1
#define HAVE_SYS_STAT_H 1
#define HAVE_STDLIB_H 1
#define HAVE_STRING_H 1
#define HAVE_MEMORY_H 1
#define HAVE_STRINGS_H 1
#define HAVE_INTTYPES_H 1
#define HAVE_STDINT_H 1
#define HAVE_UNISTD_H 1
#define HAVE_DLFCN_H 1
#define LT_OBJDIR ".libs/"

configure: exit 0
